0 info it worked if it ends with ok
1 verbose cli [ '/usr/local/bin/node',
1 verbose cli   '/usr/local/bin/npm',
1 verbose cli   'install',
1 verbose cli   'js-beautify',
1 verbose cli   '-g' ]
2 info using npm@1.4.28
3 info using node@v0.10.32
4 verbose cache add [ 'js-beautify', null ]
5 verbose cache add name=undefined spec="js-beautify" args=["js-beautify",null]
6 verbose parsed url { protocol: null,
6 verbose parsed url   slashes: null,
6 verbose parsed url   auth: null,
6 verbose parsed url   host: null,
6 verbose parsed url   port: null,
6 verbose parsed url   hostname: null,
6 verbose parsed url   hash: null,
6 verbose parsed url   search: null,
6 verbose parsed url   query: null,
6 verbose parsed url   pathname: 'js-beautify',
6 verbose parsed url   path: 'js-beautify',
6 verbose parsed url   href: 'js-beautify' }
7 silly lockFile 63edee9b-js-beautify js-beautify
8 verbose lock js-beautify /home/brandon/.npm/63edee9b-js-beautify.lock
9 silly lockFile 63edee9b-js-beautify js-beautify
10 silly lockFile 63edee9b-js-beautify js-beautify
11 verbose addNamed [ 'js-beautify', '' ]
12 verbose addNamed [ null, '*' ]
13 silly lockFile dc1a2a6d-js-beautify js-beautify@
14 verbose lock js-beautify@ /home/brandon/.npm/dc1a2a6d-js-beautify.lock
15 silly addNameRange { name: 'js-beautify', range: '*', hasData: false }
16 verbose request where is /js-beautify
17 verbose request registry https://registry.npmjs.org/
18 verbose request id 8f998c5b9a4f5688
19 verbose url raw /js-beautify
20 verbose url resolving [ 'https://registry.npmjs.org/', './js-beautify' ]
21 verbose url resolved https://registry.npmjs.org/js-beautify
22 verbose request where is https://registry.npmjs.org/js-beautify
23 info trying registry request attempt 1 at 08:25:52
24 http GET https://registry.npmjs.org/js-beautify
25 http 200 https://registry.npmjs.org/js-beautify
26 silly registry.get cb [ 200,
26 silly registry.get   { date: 'Mon, 29 Dec 2014 16:25:52 GMT',
26 silly registry.get     server: 'CouchDB/1.5.0 (Erlang OTP/R16B03)',
26 silly registry.get     etag: '"51Z0JG4JH0W3TCVRYOYZRUPFL"',
26 silly registry.get     'content-type': 'application/json',
26 silly registry.get     'cache-control': 'max-age=60',
26 silly registry.get     'content-length': '64471',
26 silly registry.get     'accept-ranges': 'bytes',
26 silly registry.get     via: '1.1 varnish',
26 silly registry.get     age: '43',
26 silly registry.get     'x-served-by': 'cache-sjc3126-SJC',
26 silly registry.get     'x-cache': 'HIT',
26 silly registry.get     'x-cache-hits': '5',
26 silly registry.get     'x-timer': 'S1419870352.759329,VS0,VE0',
26 silly registry.get     vary: 'Accept',
26 silly registry.get     'keep-alive': 'timeout=10, max=50',
26 silly registry.get     connection: 'Keep-Alive' } ]
27 silly addNameRange number 2 { name: 'js-beautify', range: '*', hasData: true }
28 silly addNameRange versions [ 'js-beautify',
28 silly addNameRange   [ '0.1.8',
28 silly addNameRange     '0.2.0',
28 silly addNameRange     '0.2.1',
28 silly addNameRange     '0.2.2',
28 silly addNameRange     '0.2.3',
28 silly addNameRange     '0.2.4',
28 silly addNameRange     '0.3.0',
28 silly addNameRange     '0.3.1',
28 silly addNameRange     '0.3.2',
28 silly addNameRange     '0.3.3',
28 silly addNameRange     '0.3.4',
28 silly addNameRange     '0.3.5',
28 silly addNameRange     '0.3.6',
28 silly addNameRange     '0.3.7',
28 silly addNameRange     '0.3.8',
28 silly addNameRange     '0.3.9',
28 silly addNameRange     '0.4.0',
28 silly addNameRange     '0.4.1',
28 silly addNameRange     '0.4.2',
28 silly addNameRange     '1.2.0',
28 silly addNameRange     '1.3.0',
28 silly addNameRange     '1.3.1',
28 silly addNameRange     '1.3.2',
28 silly addNameRange     '1.3.3',
28 silly addNameRange     '1.3.4',
28 silly addNameRange     '1.4.0',
28 silly addNameRange     '1.4.1',
28 silly addNameRange     '1.4.2',
28 silly addNameRange     '1.5.1',
28 silly addNameRange     '1.5.2',
28 silly addNameRange     '1.5.3',
28 silly addNameRange     '1.5.4' ] ]
29 verbose addNamed [ 'js-beautify', '1.5.4' ]
30 verbose addNamed [ '1.5.4', '1.5.4' ]
31 silly lockFile 4d1d934b-js-beautify-1-5-4 js-beautify@1.5.4
32 verbose lock js-beautify@1.5.4 /home/brandon/.npm/4d1d934b-js-beautify-1-5-4.lock
33 silly lockFile b694f439-s-beautify-js-beautify-1-5-4-tgz https://registry.npmjs.org/js-beautify/-/js-beautify-1.5.4.tgz
34 verbose lock https://registry.npmjs.org/js-beautify/-/js-beautify-1.5.4.tgz /home/brandon/.npm/b694f439-s-beautify-js-beautify-1-5-4-tgz.lock
35 verbose addRemoteTarball [ 'https://registry.npmjs.org/js-beautify/-/js-beautify-1.5.4.tgz',
35 verbose addRemoteTarball   '5b5abe634aa675713ed2ab2edc200d93555a07bd' ]
36 info retry fetch attempt 1 at 08:25:52
37 verbose fetch to= /tmp/npm-7040-3Sxwms5R/registry.npmjs.org/js-beautify/-/js-beautify-1.5.4.tgz
38 http GET https://registry.npmjs.org/js-beautify/-/js-beautify-1.5.4.tgz
39 http 200 https://registry.npmjs.org/js-beautify/-/js-beautify-1.5.4.tgz
40 silly lockFile b694f439-s-beautify-js-beautify-1-5-4-tgz https://registry.npmjs.org/js-beautify/-/js-beautify-1.5.4.tgz
41 silly lockFile b694f439-s-beautify-js-beautify-1-5-4-tgz https://registry.npmjs.org/js-beautify/-/js-beautify-1.5.4.tgz
42 silly lockFile 4d1d934b-js-beautify-1-5-4 js-beautify@1.5.4
43 silly lockFile 4d1d934b-js-beautify-1-5-4 js-beautify@1.5.4
44 silly lockFile dc1a2a6d-js-beautify js-beautify@
45 silly lockFile dc1a2a6d-js-beautify js-beautify@
46 silly resolved [ { name: 'js-beautify',
46 silly resolved     version: '1.5.4',
46 silly resolved     description: 'jsbeautifier.org for node',
46 silly resolved     main: 'js/index.js',
46 silly resolved     preferGlobal: true,
46 silly resolved     bin:
46 silly resolved      { 'css-beautify': './js/bin/css-beautify.js',
46 silly resolved        'html-beautify': './js/bin/html-beautify.js',
46 silly resolved        'js-beautify': './js/bin/js-beautify.js' },
46 silly resolved     directories: { lib: 'js/lib', test: 'js/test' },
46 silly resolved     scripts:
46 silly resolved      { test: './js/test/shell-smoke-test.sh',
46 silly resolved        'update-codemirror': 'npm install codemirror && rm -rf ./web/third-party/codemirror/* && cp ./node_modules/codemirror/LICENSE ./web/third-party/codemirror/ && cp ./node_modules/codemirror/README.md ./web/third-party/codemirror/ && cp -r ./node_modules/codemirror/lib ./web/third-party/codemirror/ && mkdir -p ./web/third-party/codemirror/mode && cp -r ./node_modules/codemirror/mode/javascript ./web/third-party/codemirror/mode/ && git add -Av ./web/third-party/codemirror' },
46 silly resolved     bugs: { url: 'https://github.com/beautify-web/js-beautify/issues' },
46 silly resolved     homepage: 'http://jsbeautifier.org/',
46 silly resolved     repository:
46 silly resolved      { type: 'git',
46 silly resolved        url: 'git://github.com/beautify-web/js-beautify.git' },
46 silly resolved     keywords: [ 'beautify', 'beautifier', 'code-quality' ],
46 silly resolved     author: { name: 'Einar Lielmanis', email: 'einar@jsbeautifier.org' },
46 silly resolved     contributors:
46 silly resolved      [ [Object],
46 silly resolved        [Object],
46 silly resolved        [Object],
46 silly resolved        [Object],
46 silly resolved        [Object],
46 silly resolved        [Object],
46 silly resolved        [Object],
46 silly resolved        [Object],
46 silly resolved        [Object] ],
46 silly resolved     license: 'MIT',
46 silly resolved     dependencies: { 'config-chain': '~1.1.5', mkdirp: '~0.5.0', nopt: '~3.0.1' },
46 silly resolved     devDependencies:
46 silly resolved      { jshint: '~2.5.6',
46 silly resolved        'node-static': '~0.7.1',
46 silly resolved        requirejs: '2.1.x',
46 silly resolved        benchmark: '1.0.0' },
46 silly resolved     gitHead: '81c5c525d0050cb2753886846b3cae769fc7ce36',
46 silly resolved     _id: 'js-beautify@1.5.4',
46 silly resolved     _shasum: '5b5abe634aa675713ed2ab2edc200d93555a07bd',
46 silly resolved     _from: 'js-beautify@',
46 silly resolved     _npmVersion: '2.0.2',
46 silly resolved     _nodeVersion: '0.10.32',
46 silly resolved     _npmUser: { name: 'bitwiseman', email: 'bitwiseman@gmail.com' },
46 silly resolved     maintainers: [ [Object], [Object] ],
46 silly resolved     dist:
46 silly resolved      { shasum: '5b5abe634aa675713ed2ab2edc200d93555a07bd',
46 silly resolved        tarball: 'http://registry.npmjs.org/js-beautify/-/js-beautify-1.5.4.tgz' },
46 silly resolved     _resolved: 'https://registry.npmjs.org/js-beautify/-/js-beautify-1.5.4.tgz' } ]
47 info install js-beautify@1.5.4 into /usr/local/lib
48 info installOne js-beautify@1.5.4
49 verbose lib/node_modules/js-beautify unbuild
50 verbose tar unpack /home/brandon/.npm/js-beautify/1.5.4/package.tgz
51 silly lockFile 1c8ef573-cal-lib-node-modules-js-beautify tar:///usr/local/lib/node_modules/js-beautify
52 verbose lock tar:///usr/local/lib/node_modules/js-beautify /home/brandon/.npm/1c8ef573-cal-lib-node-modules-js-beautify.lock
53 silly lockFile 7077a41f-pm-js-beautify-1-5-4-package-tgz tar:///home/brandon/.npm/js-beautify/1.5.4/package.tgz
54 verbose lock tar:///home/brandon/.npm/js-beautify/1.5.4/package.tgz /home/brandon/.npm/7077a41f-pm-js-beautify-1-5-4-package-tgz.lock
55 silly gunzTarPerm modes [ '775', '664' ]
56 error Error: EACCES, mkdir '/usr/local/lib/node_modules/js-beautify'
56 error  { [Error: EACCES, mkdir '/usr/local/lib/node_modules/js-beautify']
56 error   errno: 3,
56 error   code: 'EACCES',
56 error   path: '/usr/local/lib/node_modules/js-beautify',
56 error   fstream_type: 'Directory',
56 error   fstream_path: '/usr/local/lib/node_modules/js-beautify',
56 error   fstream_class: 'DirWriter',
56 error   fstream_stack:
56 error    [ '/usr/local/lib/node_modules/npm/node_modules/fstream/lib/dir-writer.js:36:23',
56 error      '/usr/local/lib/node_modules/npm/node_modules/mkdirp/index.js:46:53',
56 error      'Object.oncomplete (fs.js:107:15)' ] }
57 error Please try running this command again as root/Administrator.
58 error System Linux 3.16.0-28-generic
59 error command "/usr/local/bin/node" "/usr/local/bin/npm" "install" "js-beautify" "-g"
60 error cwd /home/brandon/Development/Tutorials/simple-secure-auth
61 error node -v v0.10.32
62 error npm -v 1.4.28
63 error path /usr/local/lib/node_modules/js-beautify
64 error fstream_path /usr/local/lib/node_modules/js-beautify
65 error fstream_type Directory
66 error fstream_class DirWriter
67 error code EACCES
68 error errno 3
69 error stack Error: EACCES, mkdir '/usr/local/lib/node_modules/js-beautify'
70 error fstream_stack /usr/local/lib/node_modules/npm/node_modules/fstream/lib/dir-writer.js:36:23
70 error fstream_stack /usr/local/lib/node_modules/npm/node_modules/mkdirp/index.js:46:53
70 error fstream_stack Object.oncomplete (fs.js:107:15)
71 verbose exit [ 3, true ]
